  HighscoreTable.cpp
nana_v140_Debug_x86.lib(any.obj) : warning LNK4099: no se encontr¾ PDB 'nana.pdb' con 'nana_v140_Debug_x86.lib(any.obj)' o en 'C:\Users\Simon\Desktop\HighscoreTableNana\Debug\nana.pdb'; se vincularß el objeto sin tener en cuenta informaci¾n de depuraci¾n
nana_v140_Debug_x86.lib(basic_types.obj) : warning LNK4099: no se encontr¾ PDB 'nana.pdb' con 'nana_v140_Debug_x86.lib(basic_types.obj)' o en 'C:\Users\Simon\Desktop\HighscoreTableNana\Debug\nana.pdb'; se vincularß el objeto sin tener en cuenta informaci¾n de depuraci¾n
nana_v140_Debug_x86.lib(charset.obj) : warning LNK4099: no se encontr¾ PDB 'nana.pdb' con 'nana_v140_Debug_x86.lib(charset.obj)' o en 'C:\Users\Simon\Desktop\HighscoreTableNana\Debug\nana.pdb'; se vincularß el objeto sin tener en cuenta informaci¾n de depuraci¾n
nana_v140_Debug_x86.lib(datetime.obj) : warning LNK4099: no se encontr¾ PDB 'nana.pdb' con 'nana_v140_Debug_x86.lib(datetime.obj)' o en 'C:\Users\Simon\Desktop\HighscoreTableNana\Debug\nana.pdb'; se vincularß el objeto sin tener en cuenta informaci¾n de depuraci¾n
nana_v140_Debug_x86.lib(deploy.obj) : warning LNK4099: no se encontr¾ PDB 'nana.pdb' con 'nana_v140_Debug_x86.lib(deploy.obj)' o en 'C:\Users\Simon\Desktop\HighscoreTableNana\Debug\nana.pdb'; se vincularß el objeto sin tener en cuenta informaci¾n de depuraci¾n
nana_v140_Debug_x86.lib(platform_abstraction.obj) : warning LNK4099: no se encontr¾ PDB 'nana.pdb' con 'nana_v140_Debug_x86.lib(platform_abstraction.obj)' o en 'C:\Users\Simon\Desktop\HighscoreTableNana\Debug\nana.pdb'; se vincularß el objeto sin tener en cuenta informaci¾n de depuraci¾n
nana_v140_Debug_x86.lib(platform_spec_windows.obj) : warning LNK4099: no se encontr¾ PDB 'nana.pdb' con 'nana_v140_Debug_x86.lib(platform_spec_windows.obj)' o en 'C:\Users\Simon\Desktop\HighscoreTableNana\Debug\nana.pdb'; se vincularß el objeto sin tener en cuenta informaci¾n de depuraci¾n
nana_v140_Debug_x86.lib(basis.obj) : warning LNK4099: no se encontr¾ PDB 'nana.pdb' con 'nana_v140_Debug_x86.lib(basis.obj)' o en 'C:\Users\Simon\Desktop\HighscoreTableNana\Debug\nana.pdb'; se vincularß el objeto sin tener en cuenta informaci¾n de depuraci¾n
nana_v140_Debug_x86.lib(basic_window.obj) : warning LNK4099: no se encontr¾ PDB 'nana.pdb' con 'nana_v140_Debug_x86.lib(basic_window.obj)' o en 'C:\Users\Simon\Desktop\HighscoreTableNana\Debug\nana.pdb'; se vincularß el objeto sin tener en cuenta informaci¾n de depuraci¾n
nana_v140_Debug_x86.lib(bedrock_pi.obj) : warning LNK4099: no se encontr¾ PDB 'nana.pdb' con 'nana_v140_Debug_x86.lib(bedrock_pi.obj)' o en 'C:\Users\Simon\Desktop\HighscoreTableNana\Debug\nana.pdb'; se vincularß el objeto sin tener en cuenta informaci¾n de depuraci¾n
nana_v140_Debug_x86.lib(bedrock_windows.obj) : warning LNK4099: no se encontr¾ PDB 'nana.pdb' con 'nana_v140_Debug_x86.lib(bedrock_windows.obj)' o en 'C:\Users\Simon\Desktop\HighscoreTableNana\Debug\nana.pdb'; se vincularß el objeto sin tener en cuenta informaci¾n de depuraci¾n
nana_v140_Debug_x86.lib(color_schemes.obj) : warning LNK4099: no se encontr¾ PDB 'nana.pdb' con 'nana_v140_Debug_x86.lib(color_schemes.obj)' o en 'C:\Users\Simon\Desktop\HighscoreTableNana\Debug\nana.pdb'; se vincularß el objeto sin tener en cuenta informaci¾n de depuraci¾n
nana_v140_Debug_x86.lib(drawer.obj) : warning LNK4099: no se encontr¾ PDB 'nana.pdb' con 'nana_v140_Debug_x86.lib(drawer.obj)' o en 'C:\Users\Simon\Desktop\HighscoreTableNana\Debug\nana.pdb'; se vincularß el objeto sin tener en cuenta informaci¾n de depuraci¾n
nana_v140_Debug_x86.lib(element_store.obj) : warning LNK4099: no se encontr¾ PDB 'nana.pdb' con 'nana_v140_Debug_x86.lib(element_store.obj)' o en 'C:\Users\Simon\Desktop\HighscoreTableNana\Debug\nana.pdb'; se vincularß el objeto sin tener en cuenta informaci¾n de depuraci¾n
nana_v140_Debug_x86.lib(events_operation.obj) : warning LNK4099: no se encontr¾ PDB 'nana.pdb' con 'nana_v140_Debug_x86.lib(events_operation.obj)' o en 'C:\Users\Simon\Desktop\HighscoreTableNana\Debug\nana.pdb'; se vincularß el objeto sin tener en cuenta informaci¾n de depuraci¾n
nana_v140_Debug_x86.lib(native_window_interface.obj) : warning LNK4099: no se encontr¾ PDB 'nana.pdb' con 'nana_v140_Debug_x86.lib(native_window_interface.obj)' o en 'C:\Users\Simon\Desktop\HighscoreTableNana\Debug\nana.pdb'; se vincularß el objeto sin tener en cuenta informaci¾n de depuraci¾n
nana_v140_Debug_x86.lib(window_layout.obj) : warning LNK4099: no se encontr¾ PDB 'nana.pdb' con 'nana_v140_Debug_x86.lib(window_layout.obj)' o en 'C:\Users\Simon\Desktop\HighscoreTableNana\Debug\nana.pdb'; se vincularß el objeto sin tener en cuenta informaci¾n de depuraci¾n
nana_v140_Debug_x86.lib(window_manager.obj) : warning LNK4099: no se encontr¾ PDB 'nana.pdb' con 'nana_v140_Debug_x86.lib(window_manager.obj)' o en 'C:\Users\Simon\Desktop\HighscoreTableNana\Debug\nana.pdb'; se vincularß el objeto sin tener en cuenta informaci¾n de depuraci¾n
nana_v140_Debug_x86.lib(dragger.obj) : warning LNK4099: no se encontr¾ PDB 'nana.pdb' con 'nana_v140_Debug_x86.lib(dragger.obj)' o en 'C:\Users\Simon\Desktop\HighscoreTableNana\Debug\nana.pdb'; se vincularß el objeto sin tener en cuenta informaci¾n de depuraci¾n
nana_v140_Debug_x86.lib(drawing.obj) : warning LNK4099: no se encontr¾ PDB 'nana.pdb' con 'nana_v140_Debug_x86.lib(drawing.obj)' o en 'C:\Users\Simon\Desktop\HighscoreTableNana\Debug\nana.pdb'; se vincularß el objeto sin tener en cuenta informaci¾n de depuraci¾n
nana_v140_Debug_x86.lib(effects.obj) : warning LNK4099: no se encontr¾ PDB 'nana.pdb' con 'nana_v140_Debug_x86.lib(effects.obj)' o en 'C:\Users\Simon\Desktop\HighscoreTableNana\Debug\nana.pdb'; se vincularß el objeto sin tener en cuenta informaci¾n de depuraci¾n
nana_v140_Debug_x86.lib(element.obj) : warning LNK4099: no se encontr¾ PDB 'nana.pdb' con 'nana_v140_Debug_x86.lib(element.obj)' o en 'C:\Users\Simon\Desktop\HighscoreTableNana\Debug\nana.pdb'; se vincularß el objeto sin tener en cuenta informaci¾n de depuraci¾n
nana_v140_Debug_x86.lib(filebox.obj) : warning LNK4099: no se encontr¾ PDB 'nana.pdb' con 'nana_v140_Debug_x86.lib(filebox.obj)' o en 'C:\Users\Simon\Desktop\HighscoreTableNana\Debug\nana.pdb'; se vincularß el objeto sin tener en cuenta informaci¾n de depuraci¾n
nana_v140_Debug_x86.lib(layout_utility.obj) : warning LNK4099: no se encontr¾ PDB 'nana.pdb' con 'nana_v140_Debug_x86.lib(layout_utility.obj)' o en 'C:\Users\Simon\Desktop\HighscoreTableNana\Debug\nana.pdb'; se vincularß el objeto sin tener en cuenta informaci¾n de depuraci¾n
nana_v140_Debug_x86.lib(msgbox.obj) : warning LNK4099: no se encontr¾ PDB 'nana.pdb' con 'nana_v140_Debug_x86.lib(msgbox.obj)' o en 'C:\Users\Simon\Desktop\HighscoreTableNana\Debug\nana.pdb'; se vincularß el objeto sin tener en cuenta informaci¾n de depuraci¾n
nana_v140_Debug_x86.lib(notifier.obj) : warning LNK4099: no se encontr¾ PDB 'nana.pdb' con 'nana_v140_Debug_x86.lib(notifier.obj)' o en 'C:\Users\Simon\Desktop\HighscoreTableNana\Debug\nana.pdb'; se vincularß el objeto sin tener en cuenta informaci¾n de depuraci¾n
nana_v140_Debug_x86.lib(place.obj) : warning LNK4099: no se encontr¾ PDB 'nana.pdb' con 'nana_v140_Debug_x86.lib(place.obj)' o en 'C:\Users\Simon\Desktop\HighscoreTableNana\Debug\nana.pdb'; se vincularß el objeto sin tener en cuenta informaci¾n de depuraci¾n
nana_v140_Debug_x86.lib(programming_interface.obj) : warning LNK4099: no se encontr¾ PDB 'nana.pdb' con 'nana_v140_Debug_x86.lib(programming_interface.obj)' o en 'C:\Users\Simon\Desktop\HighscoreTableNana\Debug\nana.pdb'; se vincularß el objeto sin tener en cuenta informaci¾n de depuraci¾n
nana_v140_Debug_x86.lib(screen.obj) : warning LNK4099: no se encontr¾ PDB 'nana.pdb' con 'nana_v140_Debug_x86.lib(screen.obj)' o en 'C:\Users\Simon\Desktop\HighscoreTableNana\Debug\nana.pdb'; se vincularß el objeto sin tener en cuenta informaci¾n de depuraci¾n
nana_v140_Debug_x86.lib(timer.obj) : warning LNK4099: no se encontr¾ PDB 'nana.pdb' con 'nana_v140_Debug_x86.lib(timer.obj)' o en 'C:\Users\Simon\Desktop\HighscoreTableNana\Debug\nana.pdb'; se vincularß el objeto sin tener en cuenta informaci¾n de depuraci¾n
nana_v140_Debug_x86.lib(tooltip.obj) : warning LNK4099: no se encontr¾ PDB 'nana.pdb' con 'nana_v140_Debug_x86.lib(tooltip.obj)' o en 'C:\Users\Simon\Desktop\HighscoreTableNana\Debug\nana.pdb'; se vincularß el objeto sin tener en cuenta informaci¾n de depuraci¾n
nana_v140_Debug_x86.lib(button.obj) : warning LNK4099: no se encontr¾ PDB 'nana.pdb' con 'nana_v140_Debug_x86.lib(button.obj)' o en 'C:\Users\Simon\Desktop\HighscoreTableNana\Debug\nana.pdb'; se vincularß el objeto sin tener en cuenta informaci¾n de depuraci¾n
nana_v140_Debug_x86.lib(checkbox.obj) : warning LNK4099: no se encontr¾ PDB 'nana.pdb' con 'nana_v140_Debug_x86.lib(checkbox.obj)' o en 'C:\Users\Simon\Desktop\HighscoreTableNana\Debug\nana.pdb'; se vincularß el objeto sin tener en cuenta informaci¾n de depuraci¾n
nana_v140_Debug_x86.lib(combox.obj) : warning LNK4099: no se encontr¾ PDB 'nana.pdb' con 'nana_v140_Debug_x86.lib(combox.obj)' o en 'C:\Users\Simon\Desktop\HighscoreTableNana\Debug\nana.pdb'; se vincularß el objeto sin tener en cuenta informaci¾n de depuraci¾n
nana_v140_Debug_x86.lib(float_listbox.obj) : warning LNK4099: no se encontr¾ PDB 'nana.pdb' con 'nana_v140_Debug_x86.lib(float_listbox.obj)' o en 'C:\Users\Simon\Desktop\HighscoreTableNana\Debug\nana.pdb'; se vincularß el objeto sin tener en cuenta informaci¾n de depuraci¾n
nana_v140_Debug_x86.lib(form.obj) : warning LNK4099: no se encontr¾ PDB 'nana.pdb' con 'nana_v140_Debug_x86.lib(form.obj)' o en 'C:\Users\Simon\Desktop\HighscoreTableNana\Debug\nana.pdb'; se vincularß el objeto sin tener en cuenta informaci¾n de depuraci¾n
nana_v140_Debug_x86.lib(label.obj) : warning LNK4099: no se encontr¾ PDB 'nana.pdb' con 'nana_v140_Debug_x86.lib(label.obj)' o en 'C:\Users\Simon\Desktop\HighscoreTableNana\Debug\nana.pdb'; se vincularß el objeto sin tener en cuenta informaci¾n de depuraci¾n
nana_v140_Debug_x86.lib(menu.obj) : warning LNK4099: no se encontr¾ PDB 'nana.pdb' con 'nana_v140_Debug_x86.lib(menu.obj)' o en 'C:\Users\Simon\Desktop\HighscoreTableNana\Debug\nana.pdb'; se vincularß el objeto sin tener en cuenta informaci¾n de depuraci¾n
nana_v140_Debug_x86.lib(panel.obj) : warning LNK4099: no se encontr¾ PDB 'nana.pdb' con 'nana_v140_Debug_x86.lib(panel.obj)' o en 'C:\Users\Simon\Desktop\HighscoreTableNana\Debug\nana.pdb'; se vincularß el objeto sin tener en cuenta informaci¾n de depuraci¾n
nana_v140_Debug_x86.lib(picture.obj) : warning LNK4099: no se encontr¾ PDB 'nana.pdb' con 'nana_v140_Debug_x86.lib(picture.obj)' o en 'C:\Users\Simon\Desktop\HighscoreTableNana\Debug\nana.pdb'; se vincularß el objeto sin tener en cuenta informaci¾n de depuraci¾n
nana_v140_Debug_x86.lib(scroll.obj) : warning LNK4099: no se encontr¾ PDB 'nana.pdb' con 'nana_v140_Debug_x86.lib(scroll.obj)' o en 'C:\Users\Simon\Desktop\HighscoreTableNana\Debug\nana.pdb'; se vincularß el objeto sin tener en cuenta informaci¾n de depuraci¾n
nana_v140_Debug_x86.lib(content_view.obj) : warning LNK4099: no se encontr¾ PDB 'nana.pdb' con 'nana_v140_Debug_x86.lib(content_view.obj)' o en 'C:\Users\Simon\Desktop\HighscoreTableNana\Debug\nana.pdb'; se vincularß el objeto sin tener en cuenta informaci¾n de depuraci¾n
nana_v140_Debug_x86.lib(text_editor.obj) : warning LNK4099: no se encontr¾ PDB 'nana.pdb' con 'nana_v140_Debug_x86.lib(text_editor.obj)' o en 'C:\Users\Simon\Desktop\HighscoreTableNana\Debug\nana.pdb'; se vincularß el objeto sin tener en cuenta informaci¾n de depuraci¾n
nana_v140_Debug_x86.lib(spinbox.obj) : warning LNK4099: no se encontr¾ PDB 'nana.pdb' con 'nana_v140_Debug_x86.lib(spinbox.obj)' o en 'C:\Users\Simon\Desktop\HighscoreTableNana\Debug\nana.pdb'; se vincularß el objeto sin tener en cuenta informaci¾n de depuraci¾n
nana_v140_Debug_x86.lib(tabbar.obj) : warning LNK4099: no se encontr¾ PDB 'nana.pdb' con 'nana_v140_Debug_x86.lib(tabbar.obj)' o en 'C:\Users\Simon\Desktop\HighscoreTableNana\Debug\nana.pdb'; se vincularß el objeto sin tener en cuenta informaci¾n de depuraci¾n
nana_v140_Debug_x86.lib(textbox.obj) : warning LNK4099: no se encontr¾ PDB 'nana.pdb' con 'nana_v140_Debug_x86.lib(textbox.obj)' o en 'C:\Users\Simon\Desktop\HighscoreTableNana\Debug\nana.pdb'; se vincularß el objeto sin tener en cuenta informaci¾n de depuraci¾n
nana_v140_Debug_x86.lib(widget.obj) : warning LNK4099: no se encontr¾ PDB 'nana.pdb' con 'nana_v140_Debug_x86.lib(widget.obj)' o en 'C:\Users\Simon\Desktop\HighscoreTableNana\Debug\nana.pdb'; se vincularß el objeto sin tener en cuenta informaci¾n de depuraci¾n
nana_v140_Debug_x86.lib(wvl.obj) : warning LNK4099: no se encontr¾ PDB 'nana.pdb' con 'nana_v140_Debug_x86.lib(wvl.obj)' o en 'C:\Users\Simon\Desktop\HighscoreTableNana\Debug\nana.pdb'; se vincularß el objeto sin tener en cuenta informaci¾n de depuraci¾n
nana_v140_Debug_x86.lib(internationalization.obj) : warning LNK4099: no se encontr¾ PDB 'nana.pdb' con 'nana_v140_Debug_x86.lib(internationalization.obj)' o en 'C:\Users\Simon\Desktop\HighscoreTableNana\Debug\nana.pdb'; se vincularß el objeto sin tener en cuenta informaci¾n de depuraci¾n
nana_v140_Debug_x86.lib(image_process_provider.obj) : warning LNK4099: no se encontr¾ PDB 'nana.pdb' con 'nana_v140_Debug_x86.lib(image_process_provider.obj)' o en 'C:\Users\Simon\Desktop\HighscoreTableNana\Debug\nana.pdb'; se vincularß el objeto sin tener en cuenta informaci¾n de depuraci¾n
nana_v140_Debug_x86.lib(native_paint_interface.obj) : warning LNK4099: no se encontr¾ PDB 'nana.pdb' con 'nana_v140_Debug_x86.lib(native_paint_interface.obj)' o en 'C:\Users\Simon\Desktop\HighscoreTableNana\Debug\nana.pdb'; se vincularß el objeto sin tener en cuenta informaci¾n de depuraci¾n
nana_v140_Debug_x86.lib(graphics.obj) : warning LNK4099: no se encontr¾ PDB 'nana.pdb' con 'nana_v140_Debug_x86.lib(graphics.obj)' o en 'C:\Users\Simon\Desktop\HighscoreTableNana\Debug\nana.pdb'; se vincularß el objeto sin tener en cuenta informaci¾n de depuraci¾n
nana_v140_Debug_x86.lib(image.obj) : warning LNK4099: no se encontr¾ PDB 'nana.pdb' con 'nana_v140_Debug_x86.lib(image.obj)' o en 'C:\Users\Simon\Desktop\HighscoreTableNana\Debug\nana.pdb'; se vincularß el objeto sin tener en cuenta informaci¾n de depuraci¾n
nana_v140_Debug_x86.lib(pixel_buffer.obj) : warning LNK4099: no se encontr¾ PDB 'nana.pdb' con 'nana_v140_Debug_x86.lib(pixel_buffer.obj)' o en 'C:\Users\Simon\Desktop\HighscoreTableNana\Debug\nana.pdb'; se vincularß el objeto sin tener en cuenta informaci¾n de depuraci¾n
nana_v140_Debug_x86.lib(text_renderer.obj) : warning LNK4099: no se encontr¾ PDB 'nana.pdb' con 'nana_v140_Debug_x86.lib(text_renderer.obj)' o en 'C:\Users\Simon\Desktop\HighscoreTableNana\Debug\nana.pdb'; se vincularß el objeto sin tener en cuenta informaci¾n de depuraci¾n
nana_v140_Debug_x86.lib(dataexch.obj) : warning LNK4099: no se encontr¾ PDB 'nana.pdb' con 'nana_v140_Debug_x86.lib(dataexch.obj)' o en 'C:\Users\Simon\Desktop\HighscoreTableNana\Debug\nana.pdb'; se vincularß el objeto sin tener en cuenta informaci¾n de depuraci¾n
nana_v140_Debug_x86.lib(platform.obj) : warning LNK4099: no se encontr¾ PDB 'nana.pdb' con 'nana_v140_Debug_x86.lib(platform.obj)' o en 'C:\Users\Simon\Desktop\HighscoreTableNana\Debug\nana.pdb'; se vincularß el objeto sin tener en cuenta informaci¾n de depuraci¾n
nana_v140_Debug_x86.lib(unicode_bidi.obj) : warning LNK4099: no se encontr¾ PDB 'nana.pdb' con 'nana_v140_Debug_x86.lib(unicode_bidi.obj)' o en 'C:\Users\Simon\Desktop\HighscoreTableNana\Debug\nana.pdb'; se vincularß el objeto sin tener en cuenta informaci¾n de depuraci¾n
  HighscoreTableNana.vcxproj -> C:\Users\Simon\Desktop\HighscoreTableNana\Debug\HighscoreTableNana.exe
